[35m[1mScanning dependencies of target send_goal_node[0m
[ 66%] [32mBuilding CXX object CMakeFiles/send_goal_node.dir/src/send_goal.cpp.o[0m
[ 66%] [32mBuilding CXX object CMakeFiles/send_goal_node.dir/src/main.cpp.o[0m
In file included from [01m[K/opt/ros/noetic/include/ros/ros.h:40[m[K,
                 from [01m[K/home/ubuntu/lyl/xtdrone_sec_dev/catkin_rl/src/move_base_publisher/src/send_goal.cpp:1[m[K:
[01m[K/home/ubuntu/lyl/xtdrone_sec_dev/catkin_rl/src/move_base_publisher/src/send_goal.cpp:[m[K In function ‘[01m[Kbool spwanModelInGazebo(ros::NodeHandle&, const string&, const string&, const Pose&)[m[K’:
[01m[K/home/ubuntu/lyl/xtdrone_sec_dev/catkin_rl/src/move_base_publisher/src/send_goal.cpp:96:18:[m[K [01;35m[Kwarning: [m[Kformat ‘[01m[K%s[m[K’ expects a matching ‘[01m[Kchar*[m[K’ argument [[01;35m[K-Wformat=[m[K]
   96 |         ROS_INFO([01;35m[K"Successfully spwaned model %s"[m[K);
      |                  [01;35m[K^~~~~~~~~~~~~~~~~~~~~~~~~~~~~~~[m[K
[01m[K/opt/ros/noetic/include/ros/console.h:351:165:[m[K [01;36m[Knote: [m[Kin definition of macro ‘[01m[KROSCONSOLE_PRINT_AT_LOCATION_WITH_FILTER[m[K’
  351 |     ::ros::console::print(filter, __rosconsole_define_location__loc.logger_, __rosconsole_define_location__loc.level_, __FILE__, __LINE__, __ROSCONSOLE_FUNCTION__, [01;36m[K__VA_ARGS__[m[K)
      |                                                                                                                                                                     [01;36m[K^~~~~~~~~~~[m[K
[01m[K/opt/ros/noetic/include/ros/console.h:390:7:[m[K [01;36m[Knote: [m[Kin expansion of macro ‘[01m[KROSCONSOLE_PRINT_AT_LOCATION[m[K’
  390 |       [01;36m[KROSCONSOLE_PRINT_AT_LOCATION[m[K(__VA_ARGS__); \
      |       [01;36m[K^~~~~~~~~~~~~~~~~~~~~~~~~~~~[m[K
[01m[K/opt/ros/noetic/include/ros/console.h:575:35:[m[K [01;36m[Knote: [m[Kin expansion of macro ‘[01m[KROS_LOG_COND[m[K’
  575 | #define ROS_LOG(level, name, ...) [01;36m[KROS_LOG_COND[m[K(true, level, name, __VA_ARGS__)
      |                                   [01;36m[K^~~~~~~~~~~~[m[K
[01m[K/opt/ros/noetic/include/rosconsole/macros_generated.h:110:23:[m[K [01;36m[Knote: [m[Kin expansion of macro ‘[01m[KROS_LOG[m[K’
  110 | #define ROS_INFO(...) [01;36m[KROS_LOG[m[K(::ros::console::levels::Info, ROSCONSOLE_DEFAULT_NAME, __VA_ARGS__)
      |                       [01;36m[K^~~~~~~[m[K
[01m[K/home/ubuntu/lyl/xtdrone_sec_dev/catkin_rl/src/move_base_publisher/src/send_goal.cpp:96:9:[m[K [01;36m[Knote: [m[Kin expansion of macro ‘[01m[KROS_INFO[m[K’
   96 |         [01;36m[KROS_INFO[m[K("Successfully spwaned model %s");
      |         [01;36m[K^~~~~~~~[m[K
[01m[K/home/ubuntu/lyl/xtdrone_sec_dev/catkin_rl/src/move_base_publisher/src/send_goal.cpp:96:47:[m[K [01;36m[Knote: [m[Kformat string is defined here
   96 |         ROS_INFO("Successfully spwaned model [01;36m[K%s[m[K");
      |                                              [01;36m[K~^[m[K
      |                                               [01;36m[K|[m[K
      |                                               [01;36m[Kchar*[m[K
[100%] [32m[1mLinking CXX executable /home/ubuntu/lyl/xtdrone_sec_dev/catkin_rl/devel/.private/move_base_publisher/lib/move_base_publisher/send_goal_node[0m
[100%] Built target send_goal_node
